<?xml version="1.0" encoding="UTF-8"?>
<testng-results ignored="0" total="1" passed="1" failed="0" skipped="0">
  <reporter-output>
  </reporter-output>
  <suite started-at="2019-01-19T16:59:15Z" name="Default suite" finished-at="2019-01-19T16:59:41Z" duration-ms="25178">
    <groups>
    </groups>
    <test started-at="2019-01-19T16:59:15Z" name="Default test" finished-at="2019-01-19T16:59:41Z" duration-ms="25178">
      <class name="videoRecording.video.Runningthevideo">
        <test-method signature="testvideo()[pri:0, instance:videoRecording.video.Runningthevideo@38afe297]" started-at="2019-01-19T16:59:15Z" name="testvideo" finished-at="2019-01-19T16:59:41Z" duration-ms="25147" status="PASS">
          <reporter-output>
          </reporter-output>
        </test-method> <!-- testvideo -->
      </class> <!-- videoRecording.video.Runningthevideo -->
    </test> <!-- Default test -->
  </suite> <!-- Default suite -->
</testng-results>
